<?xml version="1.0" encoding="UTF-8"?>
<!-- Generated by org.testng.reporters.JUnitXMLReporter -->
<testsuite hostname="DESKTOP-RV54SM4" ignored="4" name="Test(failed)(failed)" tests="2" failures="0" timestamp="10 Apr 2020 18:44:20 GMT" time="0.008" errors="0">
  <testcase name="sampleCheck6" time="0.003" classname="com.TestNG.SamplePackage.SampleTest2"/>
  <testcase name="sampleCheck3" time="0.0" classname="com.TestNG.SamplePackage.SampleTest1"/>
  <testcase name="sampleCheck5" time="0.0" classname="com.TestNG.SamplePackage.SampleTest2">
    <ignored/>
  </testcase> <!-- sampleCheck5 -->
  <testcase name="sampleCheck2" time="0.0" classname="com.TestNG.SamplePackage.SampleTest1">
    <ignored/>
  </testcase> <!-- sampleCheck2 -->
  <testcase name="sampleCheck4" time="0.0" classname="com.TestNG.SamplePackage.SampleTest2">
    <ignored/>
  </testcase> <!-- sampleCheck4 -->
  <testcase name="sampleCheck1" time="0.0" classname="com.TestNG.SamplePackage.SampleTest1">
    <ignored/>
  </testcase> <!-- sampleCheck1 -->
</testsuite> <!-- Test(failed)(failed) -->
