<?xml version="1.0" encoding="UTF-8"?>
<!-- Generated by org.testng.reporters.JUnitXMLReporter -->
<testsuite hostname="DESKTOP-RV54SM4" ignored="1" name="Test0" tests="1" failures="0" timestamp="26 Jan 2020 07:37:56 GMT" time="0.007" errors="0">
  <testcase name="method3" time="0.003" classname="com.TestNG.SamplePackage.TestAnnotationOnClass"/>
  <testcase name="method10" time="0.0" classname="com.TestNG.SamplePackage.TestAnnotationOnClass">
    <ignored/>
  </testcase> <!-- method10 -->
</testsuite> <!-- Test0 -->
